add test_file
/disk/Pufa-Dureader/my_dureader_single/layers/eric_temp_layers.py:85: UserWarning: nn.init.xavier_uniform is now deprecated in favor of nn.init.xavier_uniform_.
  torch.nn.init.xavier_uniform(self.W_p.weight.data, gain=1)
/disk/Pufa-Dureader/my_dureader_single/layers/eric_temp_layers.py:86: UserWarning: nn.init.xavier_uniform is now deprecated in favor of nn.init.xavier_uniform_.
  torch.nn.init.xavier_uniform(self.W_q.weight.data, gain=1)
/disk/Pufa-Dureader/my_dureader_single/layers/eric_temp_layers.py:87: UserWarning: nn.init.xavier_uniform is now deprecated in favor of nn.init.xavier_uniform_.
  torch.nn.init.xavier_uniform(self.W_r.weight.data, gain=1)
/disk/Pufa-Dureader/my_dureader_single/layers/eric_temp_layers.py:88: UserWarning: nn.init.normal is now deprecated in favor of nn.init.normal_.
  torch.nn.init.normal(self.w.data, mean=0, std=0.05)
/disk/Pufa-Dureader/my_dureader_single/layers/eric_temp_layers.py:41: UserWarning: nn.init.xavier_uniform is now deprecated in favor of nn.init.xavier_uniform_.
  torch.nn.init.xavier_uniform(self.W.weight.data, gain=1)
/disk/Pufa-Dureader/my_dureader_single/layers/eric_temp_layers.py:42: UserWarning: nn.init.xavier_uniform is now deprecated in favor of nn.init.xavier_uniform_.
  torch.nn.init.xavier_uniform(self.W_r.weight.data, gain=1)
/disk/Pufa-Dureader/my_dureader_single/layers/eric_temp_layers.py:43: UserWarning: nn.init.xavier_uniform is now deprecated in favor of nn.init.xavier_uniform_.
  torch.nn.init.xavier_uniform(self.out_l.weight.data, gain=1)
/disk/Pufa-Dureader/my_dureader_single/layers/eric_temp_layers.py:44: UserWarning: nn.init.xavier_uniform is now deprecated in favor of nn.init.xavier_uniform_.
  torch.nn.init.xavier_uniform(self.W_mask.weight.data, gain=1)
/disk/Pufa-Dureader/my_dureader_single/layers/eric_temp_layers.py:45: UserWarning: nn.init.normal is now deprecated in favor of nn.init.normal_.
  torch.nn.init.normal(self.w.data, mean=0, std=0.05)
/disk/Pufa-Dureader/my_dureader_single/layers/eric_temp_layers.py:225: UserWarning: nn.init.xavier_uniform is now deprecated in favor of nn.init.xavier_uniform_.
  torch.nn.init.xavier_uniform(self.V.weight.data, gain=1)
/disk/Pufa-Dureader/my_dureader_single/layers/eric_temp_layers.py:226: UserWarning: nn.init.xavier_uniform is now deprecated in favor of nn.init.xavier_uniform_.
  torch.nn.init.xavier_uniform(self.W_a.weight.data, gain=1)
/disk/Pufa-Dureader/my_dureader_single/layers/eric_temp_layers.py:229: UserWarning: nn.init.normal is now deprecated in favor of nn.init.normal_.
  torch.nn.init.normal(self.v.data, mean=0, std=0.05)
total number of parameters: 3295052
number of trainable parameters: 3295052
Model restored from ../data/models_search_pretrain/yesno, with prefix BIDAF_10
[0;30;46m WHY Info: result_dir is: ../data/results_demo/yesno. [0m 
/disk/Pufa-Dureader/my_dureader_single/my_rc_model.py:291: UserWarning: volatile was removed and now has no effect. Use `with torch.no_grad():` instead.
  p = Variable(torch.LongTensor(batch['passage_token_ids']), volatile=True).cuda()
/disk/Pufa-Dureader/my_dureader_single/my_rc_model.py:293: UserWarning: volatile was removed and now has no effect. Use `with torch.no_grad():` instead.
  q = Variable(torch.LongTensor(batch['question_token_ids']), volatile=True).cuda()
/disk/Pufa-Dureader/my_dureader_single/my_rc_model.py:295: UserWarning: volatile was removed and now has no effect. Use `with torch.no_grad():` instead.
  start_label = Variable(torch.LongTensor(batch['start_id']), volatile=True).cuda()
/disk/Pufa-Dureader/my_dureader_single/my_rc_model.py:416: UserWarning: invalid index of a 0-dim tensor. This will be an error in PyTorch 0.5. Use tensor.item() to convert a 0-dim tensor to a Python number
  if prob.data[0] > max_prob:
/disk/Pufa-Dureader/my_dureader_single/my_rc_model.py:419: UserWarning: invalid index of a 0-dim tensor. This will be an error in PyTorch 0.5. Use tensor.item() to convert a 0-dim tensor to a Python number
  max_prob = prob.data[0]
Saving test.predicted results to ../data/results_demo/yesno/test.predicted.json
{'guess': [0, 0, 0, 0], 'correct': [0, 0, 0, 0], 'reflen': 0, 'testlen': 0}
ratio: 1e-06
/home/dian/.virtualenvs/ml/lib/python3.5/site-packages/numpy/core/fromnumeric.py:2957: RuntimeWarning: Mean of empty slice.
  out=out, **kwargs)
/home/dian/.virtualenvs/ml/lib/python3.5/site-packages/numpy/core/_methods.py:80: RuntimeWarning: invalid value encountered in double_scalars
  ret = ret.dtype.type(ret / rcount)
correct selected passage num is 0 in 358
correct passage num is 0 in 358
[0;30;46m WHY Info: Test data predict complete. Everything done. [0m 
